<?xml version="1.0" encoding="UTF-8"?>
<testng-results skipped="0" failed="0" total="1" passed="1">
  <reporter-output>
  </reporter-output>
  <suite name="Default suite" duration-ms="1416" started-at="2019-05-21T13:08:24Z" finished-at="2019-05-21T13:08:25Z">
    <groups>
    </groups>
    <test name="Default test" duration-ms="1416" started-at="2019-05-21T13:08:24Z" finished-at="2019-05-21T13:08:25Z">
      <class name="com.mw.test.getTest">
        <test-method status="PASS" signature="setUp()[pri:0, instance:com.mw.test.getTest@13b6d03]" name="setUp" is-config="true" duration-ms="16" started-at="2019-05-21T18:38:24Z" finished-at="2019-05-21T18:38:24Z">
          <reporter-output>
          </reporter-output>
        </test-method> <!-- setUp -->
        <test-method status="PASS" signature="getApiTest()[pri:0, instance:com.mw.test.getTest@13b6d03]" name="getApiTest" duration-ms="1400" started-at="2019-05-21T18:38:24Z" finished-at="2019-05-21T18:38:25Z">
          <reporter-output>
          </reporter-output>
        </test-method> <!-- getApiTest -->
      </class> <!-- com.mw.test.getTest -->
    </test> <!-- Default test -->
  </suite> <!-- Default suite -->
</testng-results>
